<?xml version="1.0" encoding="utf-8"?><testsuites name="pytest tests"><testsuite name="pytest" errors="0" failures="0" skipped="0" tests="9" time="21.052" timestamp="2026-05-01T18:18:33.293291+00:00" hostname="agent-env-5122d8bc-c0d9-40a0-a317-72e46fb970a3"><testcase classname="test_iteration2_backend.TestCipherSuggest" name="test_suggest_meeting_true" time="5.444" /><testcase classname="test_iteration2_backend.TestCipherSuggest" name="test_suggest_no_meeting_false" time="2.102" /><testcase classname="test_iteration2_backend.TestCipherSuggest" name="test_suggest_too_few_messages" time="0.412" /><testcase classname="test_iteration2_backend.TestCipherSuggest" name="test_suggest_non_member_forbidden" time="0.635" /><testcase classname="test_iteration2_backend.TestVideoMessage" name="test_send_video_message" time="0.467" /><testcase classname="test_iteration2_backend.TestVideoMessage" name="test_send_audio_message" time="0.400" /><testcase classname="test_iteration2_backend.TestCipherRealism" name="test_restaurant_card_unsplash_image" time="5.805" /><testcase classname="test_iteration2_backend.TestCipherRealism" name="test_weather_card_valid" time="3.648" /><testcase classname="test_iteration2_backend.TestCipherRealism" name="test_calendar_card_valid" time="2.107" /></testsuite></testsuites>