<?xml version="1.0" encoding="utf-8"?><testsuites name="pytest tests"><testsuite name="pytest" errors="0" failures="1" skipped="0" tests="25" time="20.358" timestamp="2026-05-01T13:45:43.628300+00:00" hostname="agent-env-5122d8bc-c0d9-40a0-a317-72e46fb970a3"><testcase classname="test_cipherlink_backend.TestHealth" name="test_health_root" time="0.354" /><testcase classname="test_cipherlink_backend.TestAuth" name="test_register_new_user" time="0.371"><failure message="AssertionError: assert 'test_b5abd9f3@cipherlink.app' == 'TEST_b5abd9f3@cipherlink.app'&#10;  &#10;  - TEST_b5abd9f3@cipherlink.app&#10;  ? ^^^^&#10;  + test_b5abd9f3@cipherlink.app&#10;  ? ^^^^">test_cipherlink_backend.py:29: in test_register_new_user
    assert d['user']['email'] == email
E   AssertionError: assert 'test_b5abd9f3@cipherlink.app' == 'TEST_b5abd9f3@cipherlink.app'
E     
E     - TEST_b5abd9f3@cipherlink.app
E     ? ^^^^
E     + test_b5abd9f3@cipherlink.app
E     ? ^^^^</failure></testcase><testcase classname="test_cipherlink_backend.TestAuth" name="test_register_duplicate" time="0.491" /><testcase classname="test_cipherlink_backend.TestAuth" name="test_login_success" time="0.000" /><testcase classname="test_cipherlink_backend.TestAuth" name="test_login_invalid" time="0.330" /><testcase classname="test_cipherlink_backend.TestAuth" name="test_me" time="0.106" /><testcase classname="test_cipherlink_backend.TestAuth" name="test_me_no_token" time="0.173" /><testcase classname="test_cipherlink_backend.TestUsers" name="test_user_search_empty" time="0.116" /><testcase classname="test_cipherlink_backend.TestUsers" name="test_user_search_query" time="0.104" /><testcase classname="test_cipherlink_backend.TestUsers" name="test_patch_me" time="0.283" /><testcase classname="test_cipherlink_backend.TestConversationsMessages" name="test_create_dm_and_send_message" time="1.236" /><testcase classname="test_cipherlink_backend.TestConversationsMessages" name="test_list_conversations" time="0.112" /><testcase classname="test_cipherlink_backend.TestConversationsMessages" name="test_create_group" time="0.593" /><testcase classname="test_cipherlink_backend.TestConversationsMessages" name="test_dm_dedup" time="0.230" /><testcase classname="test_cipherlink_backend.TestConversationsMessages" name="test_non_member_forbidden" time="0.254" /><testcase classname="test_cipherlink_backend.TestCipherAI" name="test_cipher_restaurant" time="6.350" /><testcase classname="test_cipherlink_backend.TestCipherAI" name="test_cipher_weather" time="2.166" /><testcase classname="test_cipherlink_backend.TestCipherAI" name="test_cipher_calendar" time="2.285" /><testcase classname="test_cipherlink_backend.TestCipherAI" name="test_cipher_followup" time="3.236" /><testcase classname="test_cipherlink_backend.TestSearch" name="test_search_all" time="0.114" /><testcase classname="test_cipherlink_backend.TestSearch" name="test_search_contacts" time="0.117" /><testcase classname="test_cipherlink_backend.TestSearch" name="test_search_empty_q" time="0.107" /><testcase classname="test_cipherlink_backend.TestTFA" name="test_setup_and_verify" time="0.351" /><testcase classname="test_cipherlink_backend.TestTFA" name="test_verify_invalid" time="0.231" /><testcase classname="test_cipherlink_backend.TestGDPRDelete" name="test_delete_user_wipes_data" time="0.569" /></testsuite></testsuites>